SF:lib/pages/signup_page.dart
DA:6,1
DA:8,1
DA:9,1
DA:21,1
DA:23,2
DA:24,2
DA:25,2
DA:26,2
DA:27,1
DA:30,1
DA:31,3
DA:32,0
DA:33,0
DA:36,0
DA:38,0
DA:39,0
DA:40,0
DA:41,0
DA:42,0
DA:43,0
DA:44,0
DA:47,0
DA:48,0
DA:53,0
DA:55,0
DA:56,0
DA:57,0
DA:60,0
DA:61,0
DA:62,0
DA:63,0
DA:64,0
DA:66,0
DA:67,0
DA:69,0
DA:70,0
DA:71,0
DA:72,0
DA:73,0
DA:75,0
DA:76,0
DA:79,0
DA:80,0
DA:82,0
DA:83,0
DA:89,1
DA:91,1
DA:92,1
DA:100,1
DA:101,1
DA:102,1
DA:104,1
DA:106,1
DA:123,1
DA:125,1
DA:127,1
DA:128,1
DA:129,1
DA:130,1
DA:136,1
DA:137,1
DA:138,1
DA:140,1
DA:142,1
DA:143,1
DA:155,1
DA:156,2
DA:159,3
DA:162,3
DA:165,3
DA:173,1
DA:174,1
DA:186,1
DA:187,2
DA:190,3
DA:193,3
DA:196,3
DA:204,1
DA:205,1
DA:216,1
DA:217,2
DA:220,1
DA:221,2
DA:224,1
DA:225,2
DA:228,0
DA:229,0
DA:230,0
DA:233,0
DA:236,0
DA:239,0
DA:242,0
DA:245,0
DA:248,0
DA:251,0
DA:254,0
DA:257,0
DA:258,0
DA:261,0
DA:262,0
DA:265,0
DA:266,0
DA:274,1
DA:275,1
DA:276,1
DA:277,1
DA:280,1
DA:281,1
DA:282,1
DA:286,0
DA:287,0
DA:288,0
DA:298,1
DA:299,1
DA:302,2
DA:305,0
DA:308,0
DA:315,1
DA:316,2
DA:317,1
DA:321,1
DA:322,1
DA:325,1
DA:345,1
DA:347,1
DA:349,1
DA:350,0
DA:351,0
LF:128
LH:70
end_of_record
