SF:lib/pages/login_page.dart
DA:9,1
DA:13,0
DA:14,0
DA:15,1
DA:17,1
DA:18,1
DA:30,1
DA:32,2
DA:33,2
DA:34,2
DA:35,2
DA:36,1
DA:39,1
DA:40,3
DA:41,2
DA:42,1
DA:46,3
DA:47,3
DA:48,2
DA:51,2
DA:52,1
DA:53,3
DA:54,1
DA:55,1
DA:56,1
DA:57,1
DA:58,1
DA:59,1
DA:60,3
DA:61,3
DA:63,1
DA:64,3
DA:68,3
DA:72,1
DA:74,2
DA:76,2
DA:78,0
DA:80,0
DA:83,0
DA:85,3
DA:86,2
DA:89,0
DA:93,1
DA:94,2
DA:95,1
DA:102,1
DA:104,1
DA:105,1
DA:115,1
DA:116,1
DA:118,1
DA:119,1
DA:120,1
DA:121,1
DA:123,1
DA:140,1
DA:142,1
DA:144,1
DA:145,1
DA:146,1
DA:147,1
DA:153,1
DA:154,1
DA:155,1
DA:157,1
DA:159,1
DA:160,1
DA:163,1
DA:167,1
DA:168,1
DA:169,2
DA:171,1
DA:172,1
DA:175,1
DA:176,1
DA:181,1
DA:182,2
DA:185,1
DA:186,2
DA:189,1
DA:192,1
DA:200,1
DA:201,1
DA:202,1
DA:204,1
DA:208,1
DA:209,1
DA:210,1
DA:214,0
DA:215,0
DA:216,0
DA:220,1
DA:221,1
DA:222,2
DA:224,1
DA:225,1
DA:228,1
DA:229,1
DA:234,1
DA:235,1
DA:238,2
DA:241,2
DA:249,1
DA:251,1
DA:252,0
DA:259,1
DA:260,2
DA:261,1
DA:265,1
DA:266,1
DA:270,1
DA:290,1
DA:293,1
DA:295,1
DA:296,0
DA:297,0
LF:116
LH:104
end_of_record
